    pvar   model                 b ncovs rcovs stat
1  0.025 ordinal 0.288901420262777     3   0.3 eta2
2   0.05 ordinal 0.419552435382858     3   0.3 eta2
3  0.075 ordinal 0.527363125458938     3   0.3 eta2
4    0.1 ordinal 0.622553955176129     3   0.3 eta2
5  0.125 ordinal  0.71432296291369     3   0.3 eta2
6   0.15 ordinal 0.803229860196818     3   0.3 eta2
7  0.175 ordinal 0.891689230755813     3   0.3 eta2
8    0.2 ordinal 0.979038033523006     3   0.3 eta2
9  0.225 ordinal  1.06851439515475     3   0.3 eta2
10  0.25 ordinal  1.15930833407482     3   0.3 eta2
11 0.275 ordinal  1.25431035390932     3   0.3 eta2
12   0.3 ordinal  1.35417037243056     3   0.3 eta2
13 0.325 ordinal  1.45604526066436     3   0.3 eta2
14  0.35 ordinal  1.56381376473693     3   0.3 eta2
15 0.375 ordinal  1.67579554501444     3   0.3 eta2
16   0.4 ordinal  1.79916902462867     3   0.3 eta2
17 0.425 ordinal  1.92758067158494     3   0.3 eta2
18  0.45 ordinal  2.06720134605805     3   0.3 eta2
19 0.475 ordinal  2.21871839800156     3   0.3 eta2
20   0.5 ordinal  2.38318464383425     3   0.3 eta2
Simulating 20  values of eta2 for model  normal , replications: 5000 
Working in  /home/marcello_gallucci/project/gzlmpower/ordinal 
Simulations ended
1142.036 sec elapsed
