replicating for N:25
replicating for N:50
replicating for N:75
replicating for N:100
replicating for N:25
replicating for N:50
replicating for N:75
replicating for N:100
replicating for N:25
replicating for N:50
replicating for N:75
replicating for N:100
replicating for N:25
replicating for N:50
replicating for N:75
replicating for N:100
replicating for N:25
replicating for N:50
replicating for N:75
replicating for N:100
replicating for N:25
replicating for N:50
replicating for N:75
replicating for N:100
replicating for N:25
replicating for N:50
replicating for N:75
replicating for N:100
replicating for N:25
replicating for N:50
replicating for N:75
replicating for N:100
replicating for N:25
replicating for N:50
replicating for N:75
replicating for N:100
replicating for N:25
replicating for N:50
replicating for N:75
replicating for N:100
replicating for N:25
replicating for N:50
replicating for N:75
replicating for N:100
replicating for N:25
replicating for N:50
replicating for N:75
replicating for N:100
replicating for N:25
replicating for N:50
replicating for N:75
replicating for N:100
replicating for N:25
replicating for N:50
replicating for N:75
replicating for N:100
replicating for N:25
replicating for N:50
replicating for N:75
replicating for N:100
replicating for N:25
replicating for N:50
replicating for N:75
replicating for N:100
replicating for N:25
replicating for N:50
replicating for N:75
replicating for N:100
replicating for N:25
replicating for N:50
replicating for N:75
replicating for N:100
replicating for N:25
replicating for N:50
replicating for N:75
replicating for N:100
replicating for N:25
Error in { : task 20 failed - "NA/NaN/Inf in 'x'"
Calls: %dorng% -> do.call -> <Anonymous> -> <Anonymous>
In addition: There were 50 or more warnings (use warnings() to see the first 50)
Execution halted
